2025-08-03 23:16:29,195 - DepthRecorder_TSLA - INFO - Output directory: data/level2/TSLA
2025-08-03 23:16:29,195 - DepthRecorder_TSLA - INFO - Connecting to IB at 127.0.0.1:7497 (Paper: True)
2025-08-03 23:16:29,195 - DepthRecorder_TSLA - ERROR - Error 502: Couldn't connect to TWS. Confirm that "Enable ActiveX and Socket EClients" 
is enabled and connection port is the same as "Socket Port" on the 
TWS "Edit->Global Configuration...->API->Settings" menu. Live Trading ports: 
TWS: 7496; IB Gateway: 4001. Simulated Trading ports for new installations 
of version 954.1 or newer:  TWS: 7497; IB Gateway: 4002
2025-08-03 23:16:29,195 - ibapi.client - INFO - could not connect
2025-08-03 23:16:29,195 - ibapi.client - INFO - disconnecting
2025-08-03 23:16:29,195 - DepthRecorder_TSLA - WARNING - Connection closed
2025-08-03 23:16:39,217 - DepthRecorder_TSLA - ERROR - Failed to connect to IB within timeout
2025-08-03 23:29:41,017 - DepthRecorder_TSLA - INFO - Output directory: data/level2/TSLA
2025-08-03 23:29:41,018 - DepthRecorder_TSLA - INFO - Connecting to IB at 127.0.0.1:4002 (Paper: True)
2025-08-03 23:29:41,018 - DepthRecorder_TSLA - ERROR - Error 502: Couldn't connect to TWS. Confirm that "Enable ActiveX and Socket EClients" 
is enabled and connection port is the same as "Socket Port" on the 
TWS "Edit->Global Configuration...->API->Settings" menu. Live Trading ports: 
TWS: 7496; IB Gateway: 4001. Simulated Trading ports for new installations 
of version 954.1 or newer:  TWS: 7497; IB Gateway: 4002
2025-08-03 23:29:41,018 - ibapi.client - INFO - could not connect
2025-08-03 23:29:41,018 - ibapi.client - INFO - disconnecting
2025-08-03 23:29:41,018 - DepthRecorder_TSLA - WARNING - Connection closed
2025-08-03 23:29:51,033 - DepthRecorder_TSLA - ERROR - Failed to connect to IB within timeout
